<?xml version="1.0" encoding="UTF-8"?>
<TestRun id="e4ad713c-cfee-4bbf-b9d3-4c8a96757f0f" name="jsirota@LA-JSIROTA 2011-02-08 23:54:18" runUser="INTRANET\jsirota" xmlns="http://microsoft.com/schemas/VisualStudio/TeamTest/2010">
  <TestSettings name="Local" id="217dd782-73c8-4066-8aa7-b58d74263e98">
    <Description>These are default test settings for a local test run.</Description>
    <Deployment enabled="false" runDeploymentRoot="jsirota_LA-JSIROTA 2011-02-08 23_54_18">
      <DeploymentItem filename="C:\Users\jsirota\Documents\Code\Ketchup\lib\SpecFlow\TechTalk.SpecFlow.dll" />
    </Deployment>
    <Execution>
      <TestTypeSpecific />
      <AgentRule name="Execution Agents">
      </AgentRule>
    </Execution>
  </TestSettings>
  <Times creation="2011-02-08T23:54:18.6531702-08:00" queuing="2011-02-08T23:54:21.2303176-08:00" start="2011-02-08T23:54:21.3223229-08:00" finish="2011-02-08T23:54:33.5330213-08:00" />
  <ResultSummary outcome="Error">
    <Counters total="1" executed="1" error="0" failed="0" timeout="0" aborted="1" inconclusive="0" passedButRunAborted="0" notRunnable="0" notExecuted="0" disconnected="0" warning="0" passed="0" completed="0" inProgress="0" pending="0" />
    <RunInfos>
      <RunInfo computerName="LA-JSIROTA" outcome="Error" timestamp="2011-02-08T23:54:33.5320212-08:00">
        <Text>Test host process exited unexpectedly.</Text>
      </RunInfo>
    </RunInfos>
  </ResultSummary>
  <TestDefinitions>
    <UnitTest name="AddANewValue" storage="c:\users\jsirota\documents\code\ketchup\src\ketchup\ketchup.spec\bin\debug\ketchup.spec.dll" id="75a2ca2e-adad-7ffa-cbd1-0254a7b4f94e">
      <Description>Add a new value</Description>
      <Execution id="696a457d-e46e-4bb2-8652-fd15fea9315e" />
      <Properties>
        <Property>
          <Key>FeatureTitle</Key>
          <Value>Commands</Value>
        </Property>
      </Properties>
      <TestMethod codeBase="C:/Users/jsirota/Documents/Code/Ketchup/src/Ketchup/Ketchup.Spec/bin/Debug/Ketchup.Spec.DLL" adapterTypeName="Microsoft.VisualStudio.TestTools.TestTypes.Unit.UnitTestAdapter, Microsoft.VisualStudio.QualityTools.Tips.UnitTest.Adapter, Version=10.0.0.0, Culture=neutral, PublicKeyToken=b03f5f7f11d50a3a" className="Ketchup.Spec.Features.CommandsFeature, Ketchup.Spec, Version=1.0.0.0, Culture=neutral, PublicKeyToken=null" name="AddANewValue" />
    </UnitTest>
  </TestDefinitions>
  <TestLists>
    <TestList name="Results Not in a List" id="8c84fa94-04c1-424b-9868-57a2d4851a1d" />
    <TestList name="All Loaded Results" id="19431567-8539-422a-85d7-44ee4e166bda" />
  </TestLists>
  <TestEntries>
    <TestEntry testId="75a2ca2e-adad-7ffa-cbd1-0254a7b4f94e" executionId="696a457d-e46e-4bb2-8652-fd15fea9315e" testListId="8c84fa94-04c1-424b-9868-57a2d4851a1d" />
  </TestEntries>
  <Results>
    <UnitTestResult executionId="696a457d-e46e-4bb2-8652-fd15fea9315e" testId="75a2ca2e-adad-7ffa-cbd1-0254a7b4f94e" testName="AddANewValue" computerName="LA-JSIROTA" duration="00:00:12.1536952" startTime="2011-02-08T23:54:21.3793261-08:00" endTime="2011-02-08T23:54:33.5330213-08:00" testType="13cdc9d9-ddb5-4fa4-a97d-d965ccfc6d4b" outcome="Aborted" testListId="8c84fa94-04c1-424b-9868-57a2d4851a1d" relativeResultsDirectory="696a457d-e46e-4bb2-8652-fd15fea9315e">
    </UnitTestResult>
  </Results>
</TestRun>