<?xml version="1.0" encoding="UTF-8"?>
<TestRun id="e2b4cab6-e794-4bba-b3ab-dcf6e158dd3f" name="jsirota@LA-JSIROTA 2011-02-09 00:08:40" runUser="INTRANET\jsirota" xmlns="http://microsoft.com/schemas/VisualStudio/TeamTest/2010">
  <TestSettings name="Local" id="217dd782-73c8-4066-8aa7-b58d74263e98">
    <Description>These are default test settings for a local test run.</Description>
    <Deployment enabled="false" runDeploymentRoot="jsirota_LA-JSIROTA 2011-02-09 00_08_40">
      <DeploymentItem filename="C:\Users\jsirota\Documents\Code\Ketchup\src\Ketchup\Ketchup\bin\Debug\Ketchup.dll" />
      <DeploymentItem filename="C:\Users\jsirota\Documents\Code\Ketchup\lib\SpecFlow\TechTalk.SpecFlow.dll" />
    </Deployment>
    <Execution>
      <TestTypeSpecific />
      <AgentRule name="Execution Agents">
      </AgentRule>
    </Execution>
  </TestSettings>
  <Times creation="2011-02-09T00:08:40.3541029-08:00" queuing="2011-02-09T00:08:40.3891049-08:00" start="2011-02-09T00:08:40.3961053-08:00" finish="2011-02-09T00:08:40.7561105-08:00" />
  <ResultSummary outcome="Completed">
    <Counters total="1" executed="1" passed="1" error="0" failed="0" timeout="0" aborted="0" inconclusive="0" passedButRunAborted="0" notRunnable="0" notExecuted="0" disconnected="0" warning="0" completed="0" inProgress="0" pending="0" />
  </ResultSummary>
  <TestDefinitions>
    <UnitTest name="AddANewValue" storage="c:\users\jsirota\documents\code\ketchup\src\ketchup\ketchup.spec\bin\debug\ketchup.spec.dll" id="75a2ca2e-adad-7ffa-cbd1-0254a7b4f94e">
      <Description>Add a new value</Description>
      <Execution id="5b463c75-45e4-4f86-9016-bec509080e88" />
      <Properties>
        <Property>
          <Key>FeatureTitle</Key>
          <Value>Commands</Value>
        </Property>
      </Properties>
      <TestMethod codeBase="C:/Users/jsirota/Documents/Code/Ketchup/src/Ketchup/Ketchup.Spec/bin/Debug/Ketchup.Spec.DLL" adapterTypeName="Microsoft.VisualStudio.TestTools.TestTypes.Unit.UnitTestAdapter, Microsoft.VisualStudio.QualityTools.Tips.UnitTest.Adapter, Version=10.0.0.0, Culture=neutral, PublicKeyToken=b03f5f7f11d50a3a" className="Ketchup.Spec.Features.CommandsFeature, Ketchup.Spec, Version=1.0.0.0, Culture=neutral, PublicKeyToken=null" name="AddANewValue" />
    </UnitTest>
  </TestDefinitions>
  <TestLists>
    <TestList name="Results Not in a List" id="8c84fa94-04c1-424b-9868-57a2d4851a1d" />
    <TestList name="All Loaded Results" id="19431567-8539-422a-85d7-44ee4e166bda" />
  </TestLists>
  <TestEntries>
    <TestEntry testId="75a2ca2e-adad-7ffa-cbd1-0254a7b4f94e" executionId="5b463c75-45e4-4f86-9016-bec509080e88" testListId="8c84fa94-04c1-424b-9868-57a2d4851a1d" />
  </TestEntries>
  <Results>
    <UnitTestResult executionId="5b463c75-45e4-4f86-9016-bec509080e88" testId="75a2ca2e-adad-7ffa-cbd1-0254a7b4f94e" testName="AddANewValue" computerName="LA-JSIROTA" duration="00:00:00.0450786" startTime="2011-02-09T00:08:40.4198556-08:00" endTime="2011-02-09T00:08:40.7336105-08:00" testType="13cdc9d9-ddb5-4fa4-a97d-d965ccfc6d4b" outcome="Passed" testListId="8c84fa94-04c1-424b-9868-57a2d4851a1d" relativeResultsDirectory="5b463c75-45e4-4f86-9016-bec509080e88">
      <Output>
        <StdOut>Given a new Ketchup client
-&gt; done: AddSteps.GivenANewKetchupClient() (0.0s)
When Add is executed with a key and a value
-&gt; done: AddSteps.WhenAddIsExecutedWithAKeyAndAValue() (0.0s)
Then the value should be added
-&gt; done: AddSteps.ThenTheValueShouldBeAdded() (0.0s)</StdOut>
      </Output>
    </UnitTestResult>
  </Results>
</TestRun>