<?xml version="1.0" encoding="UTF-8"?>
<TestRun id="c0943c33-8a00-40ef-aed6-91deea34643b" name="jsirota@LA-JSIROTA 2011-02-09 00:01:39" runUser="INTRANET\jsirota" xmlns="http://microsoft.com/schemas/VisualStudio/TeamTest/2010">
  <TestSettings name="Local" id="217dd782-73c8-4066-8aa7-b58d74263e98">
    <Description>These are default test settings for a local test run.</Description>
    <Deployment enabled="false" runDeploymentRoot="jsirota_LA-JSIROTA 2011-02-09 00_01_39">
      <DeploymentItem filename="C:\Users\jsirota\Documents\Code\Ketchup\lib\SpecFlow\TechTalk.SpecFlow.dll" />
    </Deployment>
    <Execution>
      <TestTypeSpecific />
      <AgentRule name="Execution Agents">
      </AgentRule>
    </Execution>
  </TestSettings>
  <Times creation="2011-02-09T00:01:39.7843829-08:00" queuing="2011-02-09T00:01:39.8043829-08:00" start="2011-02-09T00:01:39.8243829-08:00" finish="2011-02-09T00:01:40.1743834-08:00" />
  <ResultSummary outcome="Failed">
    <Counters total="1" executed="1" error="0" failed="1" timeout="0" aborted="0" inconclusive="0" passedButRunAborted="0" notRunnable="0" notExecuted="0" disconnected="0" warning="0" passed="0" completed="0" inProgress="0" pending="0" />
  </ResultSummary>
  <TestDefinitions>
    <UnitTest name="AddANewValue" storage="c:\users\jsirota\documents\code\ketchup\src\ketchup\ketchup.spec\bin\debug\ketchup.spec.dll" id="75a2ca2e-adad-7ffa-cbd1-0254a7b4f94e">
      <Description>Add a new value</Description>
      <Execution id="19a7e53c-3f0d-48c3-9d04-6cfc0dd9a41b" />
      <Properties>
        <Property>
          <Key>FeatureTitle</Key>
          <Value>Commands</Value>
        </Property>
      </Properties>
      <TestMethod codeBase="C:/Users/jsirota/Documents/Code/Ketchup/src/Ketchup/Ketchup.Spec/bin/Debug/Ketchup.Spec.DLL" adapterTypeName="Microsoft.VisualStudio.TestTools.TestTypes.Unit.UnitTestAdapter, Microsoft.VisualStudio.QualityTools.Tips.UnitTest.Adapter, Version=10.0.0.0, Culture=neutral, PublicKeyToken=b03f5f7f11d50a3a" className="Ketchup.Spec.Features.CommandsFeature, Ketchup.Spec, Version=1.0.0.0, Culture=neutral, PublicKeyToken=null" name="AddANewValue" />
    </UnitTest>
  </TestDefinitions>
  <TestLists>
    <TestList name="Results Not in a List" id="8c84fa94-04c1-424b-9868-57a2d4851a1d" />
    <TestList name="All Loaded Results" id="19431567-8539-422a-85d7-44ee4e166bda" />
  </TestLists>
  <TestEntries>
    <TestEntry testId="75a2ca2e-adad-7ffa-cbd1-0254a7b4f94e" executionId="19a7e53c-3f0d-48c3-9d04-6cfc0dd9a41b" testListId="8c84fa94-04c1-424b-9868-57a2d4851a1d" />
  </TestEntries>
  <Results>
    <UnitTestResult executionId="19a7e53c-3f0d-48c3-9d04-6cfc0dd9a41b" testId="75a2ca2e-adad-7ffa-cbd1-0254a7b4f94e" testName="AddANewValue" computerName="LA-JSIROTA" duration="00:00:00.0663129" startTime="2011-02-09T00:01:39.8443829-08:00" endTime="2011-02-09T00:01:40.1593834-08:00" testType="13cdc9d9-ddb5-4fa4-a97d-d965ccfc6d4b" outcome="Failed" testListId="8c84fa94-04c1-424b-9868-57a2d4851a1d" relativeResultsDirectory="19a7e53c-3f0d-48c3-9d04-6cfc0dd9a41b">
      <Output>
        <StdOut>Given a new Ketchup client
-&gt; done: AddSteps.GivenANewKetchupClient() (0.0s)
When Add is executed with a key and a value
-&gt; error: The method or operation is not implemented.
Then the value should be added
-&gt; skipped because of previous errors</StdOut>
        <ErrorInfo>
          <Message>Test method Ketchup.Spec.Features.CommandsFeature.AddANewValue threw exception: 
System.NotImplementedException: The method or operation is not implemented.</Message>
          <StackTrace>    at Ketchup.Spec.StepDefinitions.KetchupClient.Add(String p, String p_2) in C:\Users\jsirota\Documents\Code\Ketchup\src\Ketchup\Ketchup.Spec\StepDefinitions\KetchupClient.cs:line 9
   at Ketchup.Spec.Steps.AddSteps.WhenAddIsExecutedWithAKeyAndAValue() in C:\Users\jsirota\Documents\Code\Ketchup\src\Ketchup\Ketchup.Spec\StepDefinitions\AddSteps.cs:line 28
   at lambda_method(Closure )
   at TechTalk.SpecFlow.Bindings.MethodBinding.InvokeAction(Object[] arguments, ITestTracer testTracer, TimeSpan&amp; duration)
   at TechTalk.SpecFlow.TestRunner.ExecuteStepMatch(BindingMatch match, Object[] arguments)
   at TechTalk.SpecFlow.TestRunner.ExecuteStep(StepArgs stepArgs)
   at TechTalk.SpecFlow.TestRunner.CollectScenarioErrors()
   at Ketchup.Spec.Features.CommandsFeature.AddANewValue() in c:\Users\jsirota\Documents\Code\Ketchup\src\Ketchup\Ketchup.Spec\Features\Commands.feature:line 10
</StackTrace>
        </ErrorInfo>
      </Output>
    </UnitTestResult>
  </Results>
</TestRun>