<?xml version="1.0" encoding="UTF-8"?>
<TestRun id="ba0f298b-eeed-4b4f-95da-a10104fc4831" name="jsirota@LA-JSIROTA 2011-02-09 00:05:12" runUser="INTRANET\jsirota" xmlns="http://microsoft.com/schemas/VisualStudio/TeamTest/2010">
  <TestSettings name="Local" id="217dd782-73c8-4066-8aa7-b58d74263e98">
    <Description>These are default test settings for a local test run.</Description>
    <Deployment userDeploymentRoot="C:\Users\jsirota\Documents\Code\Ketchup\src\Ketchup\TestResults" useDefaultDeploymentRoot="false" enabled="false" runDeploymentRoot="jsirota_LA-JSIROTA 2011-02-09 00_05_12">
      <DeploymentItem filename="C:\Users\jsirota\Documents\Code\Ketchup\lib\SpecFlow\TechTalk.SpecFlow.dll" />
    </Deployment>
    <Execution>
      <TestTypeSpecific />
      <AgentRule name="Execution Agents">
      </AgentRule>
    </Execution>
  </TestSettings>
  <Times creation="2011-02-09T00:05:12.0603068-08:00" queuing="2011-02-09T00:05:12.0628068-08:00" start="2011-02-09T00:05:12.0890572-08:00" finish="2011-02-09T00:05:12.4303125-08:00" />
  <ResultSummary outcome="Failed">
    <Counters total="1" executed="1" error="0" failed="1" timeout="0" aborted="0" inconclusive="0" passedButRunAborted="0" notRunnable="0" notExecuted="0" disconnected="0" warning="0" passed="0" completed="0" inProgress="0" pending="0" />
  </ResultSummary>
  <TestDefinitions>
    <UnitTest name="AddANewValue" storage="c:\users\jsirota\documents\code\ketchup\src\ketchup\ketchup.spec\bin\debug\ketchup.spec.dll" id="75a2ca2e-adad-7ffa-cbd1-0254a7b4f94e">
      <Description>Add a new value</Description>
      <Execution id="be3ae37f-9644-47d5-abf5-36b4f8c68fe4" />
      <Properties>
        <Property>
          <Key>FeatureTitle</Key>
          <Value>Commands</Value>
        </Property>
      </Properties>
      <TestMethod codeBase="C:/Users/jsirota/Documents/Code/Ketchup/src/Ketchup/Ketchup.Spec/bin/Debug/Ketchup.Spec.DLL" adapterTypeName="Microsoft.VisualStudio.TestTools.TestTypes.Unit.UnitTestAdapter, Microsoft.VisualStudio.QualityTools.Tips.UnitTest.Adapter, Version=10.0.0.0, Culture=neutral, PublicKeyToken=b03f5f7f11d50a3a" className="Ketchup.Spec.Features.CommandsFeature, Ketchup.Spec, Version=1.0.0.0, Culture=neutral, PublicKeyToken=null" name="AddANewValue" />
    </UnitTest>
  </TestDefinitions>
  <TestLists>
    <TestList name="Results Not in a List" id="8c84fa94-04c1-424b-9868-57a2d4851a1d" />
    <TestList name="All Loaded Results" id="19431567-8539-422a-85d7-44ee4e166bda" />
  </TestLists>
  <TestEntries>
    <TestEntry testId="75a2ca2e-adad-7ffa-cbd1-0254a7b4f94e" executionId="be3ae37f-9644-47d5-abf5-36b4f8c68fe4" testListId="8c84fa94-04c1-424b-9868-57a2d4851a1d" />
  </TestEntries>
  <Results>
    <UnitTestResult executionId="be3ae37f-9644-47d5-abf5-36b4f8c68fe4" testId="75a2ca2e-adad-7ffa-cbd1-0254a7b4f94e" testName="AddANewValue" computerName="LA-JSIROTA" duration="00:00:00.0613766" startTime="2011-02-09T00:05:12.1015574-08:00" endTime="2011-02-09T00:05:12.4128122-08:00" testType="13cdc9d9-ddb5-4fa4-a97d-d965ccfc6d4b" outcome="Failed" testListId="8c84fa94-04c1-424b-9868-57a2d4851a1d" relativeResultsDirectory="be3ae37f-9644-47d5-abf5-36b4f8c68fe4">
      <Output>
        <StdOut>Given a new Ketchup client
-&gt; done: AddSteps.GivenANewKetchupClient() (0.0s)
When Add is executed with a key and a value
-&gt; done: AddSteps.WhenAddIsExecutedWithAKeyAndAValue() (0.0s)
Then the value should be added
-&gt; error: Assert.Fail failed. Assert.Equals should not be used for Assertions. Please use Assert.AreEqual &amp; overloads instead.</StdOut>
        <ErrorInfo>
          <Message>Assert.Fail failed. Assert.Equals should not be used for Assertions. Please use Assert.AreEqual &amp; overloads instead.</Message>
          <StackTrace>   at Ketchup.Spec.Steps.AddSteps.ThenTheValueShouldBeAdded() in C:\Users\jsirota\Documents\Code\Ketchup\src\Ketchup\Ketchup.Spec\StepDefinitions\AddSteps.cs:line 23
   at lambda_method(Closure )
   at TechTalk.SpecFlow.Bindings.MethodBinding.InvokeAction(Object[] arguments, ITestTracer testTracer, TimeSpan&amp; duration)
   at TechTalk.SpecFlow.TestRunner.ExecuteStepMatch(BindingMatch match, Object[] arguments)
   at TechTalk.SpecFlow.TestRunner.ExecuteStep(StepArgs stepArgs)
   at TechTalk.SpecFlow.TestRunner.CollectScenarioErrors()
   at Ketchup.Spec.Features.CommandsFeature.AddANewValue() in c:\Users\jsirota\Documents\Code\Ketchup\src\Ketchup\Ketchup.Spec\Features\Commands.feature:line 10
</StackTrace>
        </ErrorInfo>
      </Output>
    </UnitTestResult>
  </Results>
</TestRun>